0 info it worked if it ends with ok
1 verbose cli [ '/usr/bin/node', '/usr/bin/npm', 'start' ]
2 info using npm@2.7.4
3 info using node@v0.12.2
4 verbose node symlink /usr/bin/node
5 verbose stack Error: missing script: start
5 verbose stack     at run (/usr/lib/node_modules/npm/lib/run-script.js:165:19)
5 verbose stack     at /usr/lib/node_modules/npm/lib/run-script.js:81:5
5 verbose stack     at /usr/lib/node_modules/npm/node_modules/read-package-json/read-json.js:52:40
5 verbose stack     at /usr/lib/node_modules/npm/node_modules/read-package-json/read-json.js:376:33
5 verbose stack     at checkBinReferences_ (/usr/lib/node_modules/npm/node_modules/read-package-json/read-json.js:341:59)
5 verbose stack     at final (/usr/lib/node_modules/npm/node_modules/read-package-json/read-json.js:373:17)
5 verbose stack     at then (/usr/lib/node_modules/npm/node_modules/read-package-json/read-json.js:127:33)
5 verbose stack     at /usr/lib/node_modules/npm/node_modules/read-package-json/read-json.js:267:40
5 verbose stack     at evalmachine.<anonymous>:334:14
5 verbose stack     at /usr/lib/node_modules/npm/node_modules/graceful-fs/graceful-fs.js:102:5
6 verbose cwd /home/vagrant/Code/laravel-angular2
7 error Linux 3.16.0-23-generic
8 error argv "/usr/bin/node" "/usr/bin/npm" "start"
9 error node v0.12.2
10 error npm  v2.7.4
11 error missing script: start
12 error If you need help, you may report this error at:
12 error     <https://github.com/npm/npm/issues>
13 verbose exit [ 1, true ]
